<?xml version="1.0" encoding="UTF-8"?>
<testsuite name="agh.ics.oop.Lab04Test" tests="1" skipped="0" failures="0" errors="0" timestamp="2022-11-20T18:46:53" hostname="DESKTOP-KQGARON" time="0.601">
  <properties/>
  <testcase name="mapTest()" classname="agh.ics.oop.Lab04Test" time="0.601"/>
  <system-out><![CDATA[]]></system-out>
  <system-err><![CDATA[]]></system-err>
</testsuite>
