<?xml version="1.0" encoding="UTF-8"?>
<testsuite name="agh.ics.oop.map.types.GrassFieldTest" tests="7" skipped="0" failures="0" errors="0" timestamp="2022-12-12T16:49:36" hostname="DESKTOP-KQGARON" time="0.041">
  <properties/>
  <testcase name="isOccupiedTrue()" classname="agh.ics.oop.map.types.GrassFieldTest" time="0.012"/>
  <testcase name="canMoveToOccupiedCell()" classname="agh.ics.oop.map.types.GrassFieldTest" time="0.007"/>
  <testcase name="isOccupiedFalse()" classname="agh.ics.oop.map.types.GrassFieldTest" time="0.001"/>
  <testcase name="runWithOneAnimal()" classname="agh.ics.oop.map.types.GrassFieldTest" time="0.007"/>
  <testcase name="canMoveToEmptyCell()" classname="agh.ics.oop.map.types.GrassFieldTest" time="0.001"/>
  <testcase name="objectAtEmptyOrGrass()" classname="agh.ics.oop.map.types.GrassFieldTest" time="0.0"/>
  <testcase name="runWithTwoAnimals()" classname="agh.ics.oop.map.types.GrassFieldTest" time="0.006"/>
  <system-out><![CDATA[ y\x  0 1 2 3 4 5 6 7 8 910
  8: -----------------------
  7: | | | | |*| | | | | |*|
  6: | | | | | | | | | | | |
  5: |*| |*| | |*| | | | | |
  4: |*| | | | | | | | | | |
  3: | | | | |*| |*| | | | |
  2: | | |*| | | | | | | | |
  1: | | |N| | | | | | | | |
  0: | | | | | | | | |*| | |
 -1: -----------------------

 y\x  0 1 2 3 4 5 6 7 8 910
  8: -----------------------
  7: | | | | |*| | | | | |*|
  6: | | | | | | | | | | | |
  5: |*| |*| | |*| | | | | |
  4: |*| | | | | | | | | | |
  3: | | | |N|*| |*| | | | |
  2: | | |*| | | | | | | | |
  1: | | |N| | | | | | | | |
  0: | | | | | | | | |*| | |
 -1: -----------------------

]]></system-out>
  <system-err><![CDATA[]]></system-err>
</testsuite>
