<?xml version="1.0" encoding="UTF-8"?>
<testsuite name="agh.ics.oop.map.types.IntegrationTest" tests="5" skipped="0" failures="0" errors="0" timestamp="2022-12-12T16:49:36" hostname="DESKTOP-KQGARON" time="0.025">
  <properties/>
  <testcase name="emptyArrayWithTwoAnimals()" classname="agh.ics.oop.map.types.IntegrationTest" time="0.006"/>
  <testcase name="arrayTestSequenceWithOneAnimal()" classname="agh.ics.oop.map.types.IntegrationTest" time="0.003"/>
  <testcase name="emptyArrayWithOneAnimal()" classname="agh.ics.oop.map.types.IntegrationTest" time="0.005"/>
  <testcase name="randomText()" classname="agh.ics.oop.map.types.IntegrationTest" time="0.001"/>
  <testcase name="arrayTestSequenceWithTwoAnimals()" classname="agh.ics.oop.map.types.IntegrationTest" time="0.006"/>
  <system-out><![CDATA[ y\x  0 1 2 3 4 5 6 7 8 910
  8: -----------------------
  7: | | | | |*| | | | | |*|
  6: | | | |*| | | | | | | |
  5: |*| |*| | |*| | | | | |
  4: |*| | |N| | | | | | | |
  3: | | | | |*| |*| | | | |
  2: | | |N| | | | | | | | |
  1: | | | | | | | | | | | |
  0: | | | | | | | | |*| | |
 -1: -----------------------

 y\x  0 1 2 3 4 5 6 7 8 910
  8: -----------------------
  7: | | | | |*| | | | | |*|
  6: | | | |*| | | | | | | |
  5: |*| |*| | |*| | | | | |
  4: |*| | | | | | | | | | |
  3: | | | | |*| |*| | | | |
  2: | | |N| | | | | | | | |
  1: | | | | | | | | | | | |
  0: | | | | | | | | |*| | |
 -1: -----------------------

 y\x  0 1 2 3 4 5 6 7 8 910
  8: -----------------------
  7: | | | | |*| | | | | |*|
  6: | | | |*| | | | | | | |
  5: |*| |*| | |*| | | | | |
  4: |*| | | | | | | | | | |
  3: | | | | |*| |*| | | | |
  2: | | |N| | | | | | | | |
  1: | | | | | | | | | | | |
  0: | | | | | | | | |*| | |
 -1: -----------------------

 y\x  0 1 2 3 4 5 6 7 8 910
  8: -----------------------
  7: | | | | |*| | | | | |*|
  6: | | | |*| | | | | | | |
  5: |*| |*| | |*| | | | | |
  4: |*| | |N| | | | | | | |
  3: | | | | |*| |*| | | | |
  2: | | |N| | | | | | | | |
  1: | | | | | | | | | | | |
  0: | | | | | | | | |*| | |
 -1: -----------------------

]]></system-out>
  <system-err><![CDATA[]]></system-err>
</testsuite>
