<?xml version="1.0" encoding="UTF-8"?>
<testsuite name="agh.ics.oop.map.types.IntegrationTest" tests="5" skipped="0" failures="0" errors="0" timestamp="2022-11-20T18:46:54" hostname="DESKTOP-KQGARON" time="0.192">
  <properties/>
  <testcase name="emptyArrayWithTwoAnimals()" classname="agh.ics.oop.map.types.IntegrationTest" time="0.048"/>
  <testcase name="arrayTestSequenceWithOneAnimal()" classname="agh.ics.oop.map.types.IntegrationTest" time="0.044"/>
  <testcase name="emptyArrayWithOneAnimal()" classname="agh.ics.oop.map.types.IntegrationTest" time="0.034"/>
  <testcase name="randomText()" classname="agh.ics.oop.map.types.IntegrationTest" time="0.03"/>
  <testcase name="arrayTestSequenceWithTwoAnimals()" classname="agh.ics.oop.map.types.IntegrationTest" time="0.032"/>
  <system-out><![CDATA[]]></system-out>
  <system-err><![CDATA[]]></system-err>
</testsuite>
