<?xml version="1.0" encoding="UTF-8"?>
<testsuite name="agh.ics.oop.AnimalTest" tests="1" skipped="0" failures="0" errors="0" timestamp="2022-10-31T16:59:36" hostname="DESKTOP-KQGARON" time="0.017">
  <properties/>
  <testcase name="move()" classname="agh.ics.oop.AnimalTest" time="0.017"/>
  <system-out><![CDATA[]]></system-out>
  <system-err><![CDATA[]]></system-err>
</testsuite>
