<?xml version="1.0" encoding="UTF-8"?>
<testsuite name="agh.ics.oop.MapDirectionTest" tests="2" skipped="0" failures="0" errors="0" timestamp="2022-11-30T12:50:44" hostname="DESKTOP-KQGARON" time="0.002">
  <properties/>
  <testcase name="previous()" classname="agh.ics.oop.MapDirectionTest" time="0.001"/>
  <testcase name="next()" classname="agh.ics.oop.MapDirectionTest" time="0.0"/>
  <system-out><![CDATA[]]></system-out>
  <system-err><![CDATA[]]></system-err>
</testsuite>
