<?xml version="1.0" encoding="UTF-8"?>
<testsuite name="agh.ics.oop.Vector2DTest" tests="9" skipped="0" failures="0" errors="0" timestamp="2022-11-30T12:50:44" hostname="DESKTOP-KQGARON" time="0.01">
  <properties/>
  <testcase name="subtract()" classname="agh.ics.oop.Vector2DTest" time="0.001"/>
  <testcase name="upperRight()" classname="agh.ics.oop.Vector2DTest" time="0.001"/>
  <testcase name="equals()" classname="agh.ics.oop.Vector2DTest" time="0.001"/>
  <testcase name="precedes()" classname="agh.ics.oop.Vector2DTest" time="0.0"/>
  <testcase name="testToString()" classname="agh.ics.oop.Vector2DTest" time="0.001"/>
  <testcase name="follows()" classname="agh.ics.oop.Vector2DTest" time="0.001"/>
  <testcase name="lowerLeft()" classname="agh.ics.oop.Vector2DTest" time="0.001"/>
  <testcase name="opposite()" classname="agh.ics.oop.Vector2DTest" time="0.0"/>
  <testcase name="add()" classname="agh.ics.oop.Vector2DTest" time="0.001"/>
  <system-out><![CDATA[]]></system-out>
  <system-err><![CDATA[]]></system-err>
</testsuite>
