<?xml version="1.0" encoding="UTF-8"?>
<testsuite name="agh.ics.oop.AnimalTest" tests="2" skipped="0" failures="0" errors="0" timestamp="2022-11-20T18:46:53" hostname="DESKTOP-KQGARON" time="0.019">
  <properties/>
  <testcase name="isAt()" classname="agh.ics.oop.AnimalTest" time="0.016"/>
  <testcase name="move()" classname="agh.ics.oop.AnimalTest" time="0.003"/>
  <system-out><![CDATA[]]></system-out>
  <system-err><![CDATA[]]></system-err>
</testsuite>
