<?xml version="1.0" encoding="UTF-8"?>
<testsuite name="agh.ics.oop.Vector2DTest" tests="1" skipped="0" failures="0" errors="0" timestamp="2022-10-21T07:53:03" hostname="DESKTOP-KQGARON" time="0.013">
  <properties/>
  <testcase name="subtract()" classname="agh.ics.oop.Vector2DTest" time="0.013"/>
  <system-out><![CDATA[]]></system-out>
  <system-err><![CDATA[]]></system-err>
</testsuite>
