<?xml version="1.0" encoding="UTF-8"?>
<testsuite name="agh.ics.oop.AnimalTest" tests="2" skipped="0" failures="0" errors="0" timestamp="2022-12-12T16:49:36" hostname="DESKTOP-KQGARON" time="0.045">
  <properties/>
  <testcase name="isAt()" classname="agh.ics.oop.AnimalTest" time="0.037"/>
  <testcase name="move()" classname="agh.ics.oop.AnimalTest" time="0.007"/>
  <system-out><![CDATA[]]></system-out>
  <system-err><![CDATA[]]></system-err>
</testsuite>
